<?xml version="1.0" encoding="UTF-8"?>
<!-- Generated by org.testng.reporters.JUnitXMLReporter -->
<testsuite ignored="0" hostname="Mohmed-Adel" failures="0" tests="2" name="Login Page Runner on Chrome" time="20.749" errors="0" timestamp="2025-07-09T08:18:04 EEST">
  <testcase classname="Tests.TC01_LoginTest" name="loginWithInvalidAdminCredentialsTC" time="7.577"/>
  <testcase classname="Tests.TC01_LoginTest" name="loginWithValidAdminCredentialsTC" time="8.134"/>
</testsuite> <!-- Login Page Runner on Chrome -->
