<?xml version="1.0" encoding="UTF-8"?>
<testng-results ignored="0" total="2" passed="2" failed="0" skipped="0">
  <reporter-output>
  </reporter-output>
  <suite started-at="2025-07-09T08:17:43 EEST" name="Login Page Runner" finished-at="2025-07-09T08:18:04 EEST" duration-ms="20749">
    <groups>
    </groups>
    <test started-at="2025-07-09T08:17:43 EEST" name="Login Page Runner on Chrome" finished-at="2025-07-09T08:18:04 EEST" duration-ms="20749">
      <class name="Tests.TC01_LoginTest">
        <test-method is-config="true" signature="beforeClass()[pri:0, instance:Tests.TC01_LoginTest@315105f]" started-at="2025-07-09T08:17:43 EEST" name="beforeClass" finished-at="2025-07-09T08:17:43 EEST" duration-ms="49" status="PASS">
          <reporter-output>
          </reporter-output>
        </test-method> <!-- beforeClass -->
        <test-method is-config="true" signature="beforeMethod()[pri:0, instance:Tests.TC01_LoginTest@315105f]" started-at="2025-07-09T08:17:43 EEST" name="beforeMethod" finished-at="2025-07-09T08:17:45 EEST" duration-ms="2053" status="PASS">
          <reporter-output>
          </reporter-output>
        </test-method> <!-- beforeMethod -->
        <test-method signature="loginWithInvalidAdminCredentialsTC()[pri:0, instance:Tests.TC01_LoginTest@315105f]" started-at="2025-07-09T08:17:46 EEST" name="loginWithInvalidAdminCredentialsTC" finished-at="2025-07-09T08:17:53 EEST" duration-ms="7577" status="PASS">
          <reporter-output>
          </reporter-output>
        </test-method> <!-- loginWithInvalidAdminCredentialsTC -->
        <test-method is-config="true" signature="afterMethod()[pri:0, instance:Tests.TC01_LoginTest@315105f]" started-at="2025-07-09T08:17:53 EEST" name="afterMethod" finished-at="2025-07-09T08:17:54 EEST" duration-ms="388" status="PASS">
          <reporter-output>
          </reporter-output>
        </test-method> <!-- afterMethod -->
        <test-method is-config="true" signature="beforeMethod()[pri:0, instance:Tests.TC01_LoginTest@315105f]" started-at="2025-07-09T08:17:54 EEST" name="beforeMethod" finished-at="2025-07-09T08:17:55 EEST" duration-ms="1332" status="PASS">
          <reporter-output>
          </reporter-output>
        </test-method> <!-- beforeMethod -->
        <test-method signature="loginWithValidAdminCredentialsTC()[pri:0, instance:Tests.TC01_LoginTest@315105f]" started-at="2025-07-09T08:17:55 EEST" name="loginWithValidAdminCredentialsTC" finished-at="2025-07-09T08:18:03 EEST" duration-ms="8134" status="PASS">
          <reporter-output>
          </reporter-output>
        </test-method> <!-- loginWithValidAdminCredentialsTC -->
        <test-method is-config="true" signature="afterMethod()[pri:0, instance:Tests.TC01_LoginTest@315105f]" started-at="2025-07-09T08:18:04 EEST" name="afterMethod" finished-at="2025-07-09T08:18:04 EEST" duration-ms="307" status="PASS">
          <reporter-output>
          </reporter-output>
        </test-method> <!-- afterMethod -->
      </class> <!-- Tests.TC01_LoginTest -->
    </test> <!-- Login Page Runner on Chrome -->
  </suite> <!-- Login Page Runner -->
</testng-results>
