<?xml version="1.0" encoding="UTF-8"?>
<testsuite xmlns:xsi="http://www.w3.org/2001/XMLSchema-instance" xsi:noNamespaceSchemaLocation="https://maven.apache.org/surefire/maven-surefire-plugin/xsd/surefire-test-report.xsd" version="3.0.2" name="TestSuite" time="28.633" tests="2" errors="0" skipped="0" failures="0">
  <properties>
[...]
</properties>
  <testcase name="loginWithInvalidAdminCredentialsTC" classname="Tests.TC01_LoginTest" time="7.953">
    <system-out><![CDATA[&amp#27;[32;1m[DEBUG] - [09-07-2025 08:17:42] [main] [org.testng.TestNG] - suiteXmlPath: "D:\PAIP\TestRunners\LoginPageRunner.xml"&amp#27;[m
&amp#27;[34m[INFO] - [09-07-2025 08:17:43] [main] [Listeners.TestNGListeners] - Test execution started&amp#27;[m
&amp#27;[34m[INFO] - [09-07-2025 08:17:43] [main] [Utilities.PropertiesUtils] - Properties file loaded successfully&amp#27;[m
&amp#27;[34m[INFO] - [09-07-2025 08:17:43] [main] [Utilities.PropertiesUtils] - Properties file loaded successfully&amp#27;[m
&amp#27;[34m[INFO] - [09-07-2025 08:17:43] [main] [Utilities.PropertiesUtils] - Properties file loaded successfully&amp#27;[m
&amp#27;[34m[INFO] - [09-07-2025 08:17:43] [main] [Utilities.PropertiesUtils] - Properties file loaded successfully&amp#27;[m
&amp#27;[34m[INFO] - [09-07-2025 08:17:43] [main] [Utilities.PropertiesUtils] - Properties file loaded successfully&amp#27;[m
&amp#27;[34m[INFO] - [09-07-2025 08:17:43] [main] [Utilities.PropertiesUtils] - Properties file loaded successfully&amp#27;[m
&amp#27;[34m[INFO] - [09-07-2025 08:17:43] [main] [Utilities.PropertiesUtils] - Loading properties file data&amp#27;[m
&amp#27;[34m[INFO] - [09-07-2025 08:17:43] [main] [Utilities.FilesUtils] - Directory already exists: TestOutputs\allure-results&amp#27;[m
&amp#27;[34m[INFO] - [09-07-2025 08:17:43] [main] [Utilities.FilesUtils] - Directory already exists: TestOutputs\allure-report&amp#27;[m
&amp#27;[34m[INFO] - [09-07-2025 08:17:43] [main] [Utilities.FilesUtils] - Directory already exists: TestOutputs\Logs&amp#27;[m
&amp#27;[34m[INFO] - [09-07-2025 08:17:43] [main] [Utilities.FilesUtils] - Directory created: TestOutputs\Screenshots&amp#27;[m
&amp#27;[34m[INFO] - [09-07-2025 08:17:43] [main] [Utilities.FilesUtils] - Directory created: TestOutputs\ScreenRecordings&amp#27;[m
&amp#27;[34m[INFO] - [09-07-2025 08:17:43] [main] [Utilities.AllureUtils] - Log file attached to Allure report: TestOutputs\Logs\log_2025-07-09_08-17-42.log&amp#27;[m
&amp#27;[34m[INFO] - [09-07-2025 08:17:45] [main] [Utilities.AllureUtils] - Log file attached to Allure report: TestOutputs\Logs\log_2025-07-09_08-17-42.log&amp#27;[m
&amp#27;[34m[INFO] - [09-07-2025 08:17:46] [main] [Pages.P01_LoginPage] - Navigating to login page&amp#27;[m
&amp#27;[34m[INFO] - [09-07-2025 08:17:46] [main] [Utilities.BrowserUtils] - Navigating to URL: https://192.168.2.90/paip/login&amp#27;[m
&amp#27;[32;1m[DEBUG] - [09-07-2025 08:17:47] [main] [com.jayway.jsonpath.internal.path.CompiledPath] - Evaluating path: $['invalidLoginCredentials']['powerAdminUsername']&amp#27;[m
&amp#27;[34m[INFO] - [09-07-2025 08:17:47] [main] [Pages.P01_LoginPage] - Entering username&amp#27;[m
&amp#27;[34m[INFO] - [09-07-2025 08:17:47] [main] [Utilities.ElementUtils] - Sending Test to element: By.cssSelector: [formcontrolname="username"]&amp#27;[m
&amp#27;[34m[INFO] - [09-07-2025 08:17:47] [main] [Utilities.WaitUtils] - Waiting for element to be visible with locator: By.cssSelector: [formcontrolname="username"]&amp#27;[m
&amp#27;[34m[INFO] - [09-07-2025 08:17:47] [main] [Utilities.WaitUtils] - Waiting for element to be present with locator: By.cssSelector: [formcontrolname="username"]&amp#27;[m
&amp#27;[34m[INFO] - [09-07-2025 08:17:47] [main] [Utilities.ElementUtils] - Scrolling to element with locator: By.cssSelector: [formcontrolname="username"]&amp#27;[m
&amp#27;[34m[INFO] - [09-07-2025 08:17:47] [main] [Utilities.ElementUtils] - Finding element with locator: By.cssSelector: [formcontrolname="username"]&amp#27;[m
&amp#27;[34m[INFO] - [09-07-2025 08:17:47] [main] [Utilities.ElementUtils] - Finding element with locator: By.cssSelector: [formcontrolname="username"]&amp#27;[m
&amp#27;[32;1m[DEBUG] - [09-07-2025 08:17:47] [main] [com.jayway.jsonpath.internal.path.CompiledPath] - Evaluating path: $['invalidLoginCredentials']['password']&amp#27;[m
&amp#27;[34m[INFO] - [09-07-2025 08:17:47] [main] [Pages.P01_LoginPage] - Entering password&amp#27;[m
&amp#27;[34m[INFO] - [09-07-2025 08:17:47] [main] [Utilities.ElementUtils] - Sending Test to element: By.cssSelector: [formcontrolname="password"]&amp#27;[m
&amp#27;[34m[INFO] - [09-07-2025 08:17:47] [main] [Utilities.WaitUtils] - Waiting for element to be visible with locator: By.cssSelector: [formcontrolname="password"]&amp#27;[m
&amp#27;[34m[INFO] - [09-07-2025 08:17:47] [main] [Utilities.WaitUtils] - Waiting for element to be present with locator: By.cssSelector: [formcontrolname="password"]&amp#27;[m
&amp#27;[34m[INFO] - [09-07-2025 08:17:48] [main] [Utilities.ElementUtils] - Scrolling to element with locator: By.cssSelector: [formcontrolname="password"]&amp#27;[m
&amp#27;[34m[INFO] - [09-07-2025 08:17:48] [main] [Utilities.ElementUtils] - Finding element with locator: By.cssSelector: [formcontrolname="password"]&amp#27;[m
&amp#27;[34m[INFO] - [09-07-2025 08:17:48] [main] [Utilities.ElementUtils] - Finding element with locator: By.cssSelector: [formcontrolname="password"]&amp#27;[m
&amp#27;[34m[INFO] - [09-07-2025 08:17:48] [main] [Pages.P01_LoginPage] - Clicking login button&amp#27;[m
&amp#27;[34m[INFO] - [09-07-2025 08:17:48] [main] [Utilities.ElementUtils] - Clicking on element: By.id: btnlogin&amp#27;[m
&amp#27;[34m[INFO] - [09-07-2025 08:17:48] [main] [Utilities.WaitUtils] - Waiting for element to be clickable with locator: By.id: btnlogin&amp#27;[m
&amp#27;[34m[INFO] - [09-07-2025 08:17:48] [main] [Utilities.WaitUtils] - Waiting for element to be visible with locator: By.id: btnlogin&amp#27;[m
&amp#27;[34m[INFO] - [09-07-2025 08:17:48] [main] [Utilities.WaitUtils] - Waiting for element to be present with locator: By.id: btnlogin&amp#27;[m
&amp#27;[34m[INFO] - [09-07-2025 08:17:48] [main] [Utilities.ElementUtils] - Scrolling to element with locator: By.id: btnlogin&amp#27;[m
&amp#27;[34m[INFO] - [09-07-2025 08:17:48] [main] [Utilities.ElementUtils] - Finding element with locator: By.id: btnlogin&amp#27;[m
&amp#27;[34m[INFO] - [09-07-2025 08:17:48] [main] [Utilities.ElementUtils] - Finding element with locator: By.id: btnlogin&amp#27;[m
&amp#27;[34m[INFO] - [09-07-2025 08:17:48] [main] [Utilities.ElementUtils] - Clicking on element: By.cssSelector: [title="Continue"]&amp#27;[m
&amp#27;[34m[INFO] - [09-07-2025 08:17:48] [main] [Utilities.WaitUtils] - Waiting for element to be clickable with locator: By.cssSelector: [title="Continue"]&amp#27;[m
&amp#27;[34m[INFO] - [09-07-2025 08:17:48] [main] [Utilities.WaitUtils] - Waiting for element to be visible with locator: By.cssSelector: [title="Continue"]&amp#27;[m
&amp#27;[34m[INFO] - [09-07-2025 08:17:48] [main] [Utilities.WaitUtils] - Waiting for element to be present with locator: By.cssSelector: [title="Continue"]&amp#27;[m
&amp#27;[34m[INFO] - [09-07-2025 08:17:53] [main] [Pages.P01_LoginPage] - No session to terminate&amp#27;[m
&amp#27;[34m[INFO] - [09-07-2025 08:17:53] [main] [Pages.P01_LoginPage] - Asserting login with invalid credentials&amp#27;[m
&amp#27;[34m[INFO] - [09-07-2025 08:17:53] [main] [Utilities.ElementUtils] - Verifying Visibility of Element: By.className: invalid-msg&amp#27;[m
&amp#27;[34m[INFO] - [09-07-2025 08:17:53] [main] [Utilities.WaitUtils] - Waiting for element to be visible with locator: By.className: invalid-msg&amp#27;[m
&amp#27;[34m[INFO] - [09-07-2025 08:17:53] [main] [Utilities.WaitUtils] - Waiting for element to be present with locator: By.className: invalid-msg&amp#27;[m
&amp#27;[34m[INFO] - [09-07-2025 08:17:53] [main] [Utilities.ElementUtils] - Scrolling to element with locator: By.className: invalid-msg&amp#27;[m
&amp#27;[34m[INFO] - [09-07-2025 08:17:53] [main] [Utilities.ElementUtils] - Finding element with locator: By.className: invalid-msg&amp#27;[m
&amp#27;[34m[INFO] - [09-07-2025 08:17:53] [main] [Utilities.ElementUtils] - Finding element with locator: By.className: invalid-msg&amp#27;[m
&amp#27;[34m[INFO] - [09-07-2025 08:17:53] [main] [Utilities.SoftAssertUtils] - Asserting true&amp#27;[m
&amp#27;[34m[INFO] - [09-07-2025 08:17:53] [main] [Utilities.ScreenRecorderUtils] - Recording stopped&amp#27;[m
&amp#27;[31;1m[ERROR] - [09-07-2025 08:17:53] [main] [Utilities.ScreenRecorderUtils] - Error stopping screen recording: Cannot invoke "org.monte.screenrecorder.ScreenRecorder.stop()" because "Utilities.ScreenRecorderUtils.screenRecorder" is null&amp#27;[m
&amp#27;[34m[INFO] - [09-07-2025 08:17:53] [main] [Utilities.ScreenshotsUtils] - Screenshot taken: TestOutputs\Screenshots\passed-loginWithInvalidAdminCredentialsTC-2025-07-09_08-17-53.png&amp#27;[m
&amp#27;[34m[INFO] - [09-07-2025 08:17:53] [main] [Utilities.AllureUtils] - Screenshot attached to Allure report: TestOutputs\Screenshots\passed-loginWithInvalidAdminCredentialsTC-2025-07-09_08-17-53.png&amp#27;[m
&amp#27;[34m[INFO] - [09-07-2025 08:17:53] [main] [Utilities.AllureUtils] - Log file attached to Allure report: TestOutputs\Logs\log_2025-07-09_08-17-42.log&amp#27;[m
]]></system-out>
    <system-err><![CDATA[Jul 09, 2025 8:17:45 AM org.openqa.selenium.devtools.CdpVersionFinder findNearestMatch
WARNING: Unable to find an exact match for CDP version 138, returning the closest version; found: 135; Please update to a Selenium version that supports CDP version 138
]]></system-err>
  </testcase>
  <testcase name="loginWithValidAdminCredentialsTC" classname="Tests.TC01_LoginTest" time="8.27">
    <system-out><![CDATA[&amp#27;[34m[INFO] - [09-07-2025 08:17:53] [main] [Listeners.TestNGListeners] - Test loginWithInvalidAdminCredentialsTC passed&amp#27;[m
&amp#27;[34m[INFO] - [09-07-2025 08:17:53] [main] [Utilities.BrowserUtils] - Quitting the browser&amp#27;[m
&amp#27;[34m[INFO] - [09-07-2025 08:17:54] [main] [Factories.DriverFactory] - Removing driver&amp#27;[m
&amp#27;[34m[INFO] - [09-07-2025 08:17:54] [main] [Utilities.AllureUtils] - Log file attached to Allure report: TestOutputs\Logs\log_2025-07-09_08-17-42.log&amp#27;[m
&amp#27;[34m[INFO] - [09-07-2025 08:17:55] [main] [Utilities.AllureUtils] - Log file attached to Allure report: TestOutputs\Logs\log_2025-07-09_08-17-42.log&amp#27;[m
&amp#27;[34m[INFO] - [09-07-2025 08:17:55] [main] [Pages.P01_LoginPage] - Navigating to login page&amp#27;[m
&amp#27;[34m[INFO] - [09-07-2025 08:17:55] [main] [Utilities.BrowserUtils] - Navigating to URL: https://192.168.2.90/paip/login&amp#27;[m
&amp#27;[32;1m[DEBUG] - [09-07-2025 08:17:55] [main] [com.jayway.jsonpath.internal.path.CompiledPath] - Evaluating path: $['validLoginCredentials']['powerAdminUsername']&amp#27;[m
&amp#27;[34m[INFO] - [09-07-2025 08:17:55] [main] [Pages.P01_LoginPage] - Entering username&amp#27;[m
&amp#27;[34m[INFO] - [09-07-2025 08:17:55] [main] [Utilities.ElementUtils] - Sending AutomationPowerAdmin@mail.com to element: By.cssSelector: [formcontrolname="username"]&amp#27;[m
&amp#27;[34m[INFO] - [09-07-2025 08:17:55] [main] [Utilities.WaitUtils] - Waiting for element to be visible with locator: By.cssSelector: [formcontrolname="username"]&amp#27;[m
&amp#27;[34m[INFO] - [09-07-2025 08:17:55] [main] [Utilities.WaitUtils] - Waiting for element to be present with locator: By.cssSelector: [formcontrolname="username"]&amp#27;[m
&amp#27;[34m[INFO] - [09-07-2025 08:17:56] [main] [Utilities.ElementUtils] - Scrolling to element with locator: By.cssSelector: [formcontrolname="username"]&amp#27;[m
&amp#27;[34m[INFO] - [09-07-2025 08:17:56] [main] [Utilities.ElementUtils] - Finding element with locator: By.cssSelector: [formcontrolname="username"]&amp#27;[m
&amp#27;[34m[INFO] - [09-07-2025 08:17:56] [main] [Utilities.ElementUtils] - Finding element with locator: By.cssSelector: [formcontrolname="username"]&amp#27;[m
&amp#27;[32;1m[DEBUG] - [09-07-2025 08:17:57] [main] [com.jayway.jsonpath.internal.path.CompiledPath] - Evaluating path: $['validLoginCredentials']['password']&amp#27;[m
&amp#27;[34m[INFO] - [09-07-2025 08:17:57] [main] [Pages.P01_LoginPage] - Entering password&amp#27;[m
&amp#27;[34m[INFO] - [09-07-2025 08:17:57] [main] [Utilities.ElementUtils] - Sending Automation1# to element: By.cssSelector: [formcontrolname="password"]&amp#27;[m
&amp#27;[34m[INFO] - [09-07-2025 08:17:57] [main] [Utilities.WaitUtils] - Waiting for element to be visible with locator: By.cssSelector: [formcontrolname="password"]&amp#27;[m
&amp#27;[34m[INFO] - [09-07-2025 08:17:57] [main] [Utilities.WaitUtils] - Waiting for element to be present with locator: By.cssSelector: [formcontrolname="password"]&amp#27;[m
&amp#27;[34m[INFO] - [09-07-2025 08:17:57] [main] [Utilities.ElementUtils] - Scrolling to element with locator: By.cssSelector: [formcontrolname="password"]&amp#27;[m
&amp#27;[34m[INFO] - [09-07-2025 08:17:57] [main] [Utilities.ElementUtils] - Finding element with locator: By.cssSelector: [formcontrolname="password"]&amp#27;[m
&amp#27;[34m[INFO] - [09-07-2025 08:17:57] [main] [Utilities.ElementUtils] - Finding element with locator: By.cssSelector: [formcontrolname="password"]&amp#27;[m
&amp#27;[34m[INFO] - [09-07-2025 08:17:58] [main] [Pages.P01_LoginPage] - Clicking login button&amp#27;[m
&amp#27;[34m[INFO] - [09-07-2025 08:17:58] [main] [Utilities.ElementUtils] - Clicking on element: By.id: btnlogin&amp#27;[m
&amp#27;[34m[INFO] - [09-07-2025 08:17:58] [main] [Utilities.WaitUtils] - Waiting for element to be clickable with locator: By.id: btnlogin&amp#27;[m
&amp#27;[34m[INFO] - [09-07-2025 08:17:58] [main] [Utilities.WaitUtils] - Waiting for element to be visible with locator: By.id: btnlogin&amp#27;[m
&amp#27;[34m[INFO] - [09-07-2025 08:17:58] [main] [Utilities.WaitUtils] - Waiting for element to be present with locator: By.id: btnlogin&amp#27;[m
&amp#27;[34m[INFO] - [09-07-2025 08:17:58] [main] [Utilities.ElementUtils] - Scrolling to element with locator: By.id: btnlogin&amp#27;[m
&amp#27;[34m[INFO] - [09-07-2025 08:17:58] [main] [Utilities.ElementUtils] - Finding element with locator: By.id: btnlogin&amp#27;[m
&amp#27;[34m[INFO] - [09-07-2025 08:17:58] [main] [Utilities.ElementUtils] - Finding element with locator: By.id: btnlogin&amp#27;[m
&amp#27;[34m[INFO] - [09-07-2025 08:17:58] [main] [Utilities.ElementUtils] - Clicking on element: By.cssSelector: [title="Continue"]&amp#27;[m
&amp#27;[34m[INFO] - [09-07-2025 08:17:58] [main] [Utilities.WaitUtils] - Waiting for element to be clickable with locator: By.cssSelector: [title="Continue"]&amp#27;[m
&amp#27;[34m[INFO] - [09-07-2025 08:17:58] [main] [Utilities.WaitUtils] - Waiting for element to be visible with locator: By.cssSelector: [title="Continue"]&amp#27;[m
&amp#27;[34m[INFO] - [09-07-2025 08:17:58] [main] [Utilities.WaitUtils] - Waiting for element to be present with locator: By.cssSelector: [title="Continue"]&amp#27;[m
&amp#27;[34m[INFO] - [09-07-2025 08:18:03] [main] [Pages.P01_LoginPage] - No session to terminate&amp#27;[m
&amp#27;[34m[INFO] - [09-07-2025 08:18:03] [main] [Pages.P01_LoginPage] - Asserting login with valid admin credentials&amp#27;[m
&amp#27;[34m[INFO] - [09-07-2025 08:18:03] [main] [Utilities.BrowserUtils] - Current URL is: https://192.168.2.90/paip/admin/users&amp#27;[m
&amp#27;[34m[INFO] - [09-07-2025 08:18:03] [main] [Utilities.SoftAssertActionsUtils] - Asserting page URL&amp#27;[m
&amp#27;[34m[INFO] - [09-07-2025 08:18:03] [main] [Utilities.SoftAssertActionsUtils] - Expected URL: https://192.168.2.90/paip/admin/users&amp#27;[m
&amp#27;[34m[INFO] - [09-07-2025 08:18:03] [main] [Utilities.SoftAssertActionsUtils] - Actual URL: https://192.168.2.90/paip/admin/users&amp#27;[m
&amp#27;[34m[INFO] - [09-07-2025 08:18:03] [main] [Utilities.WaitUtils] - Waiting for page to load with URL: https://192.168.2.90/paip/admin/users&amp#27;[m
&amp#27;[34m[INFO] - [09-07-2025 08:18:03] [main] [Utilities.SoftAssertUtils] - Asserting true&amp#27;[m
&amp#27;[34m[INFO] - [09-07-2025 08:18:03] [main] [Utilities.ScreenRecorderUtils] - Recording stopped&amp#27;[m
&amp#27;[31;1m[ERROR] - [09-07-2025 08:18:03] [main] [Utilities.ScreenRecorderUtils] - Error stopping screen recording: Cannot invoke "org.monte.screenrecorder.ScreenRecorder.stop()" because "Utilities.ScreenRecorderUtils.screenRecorder" is null&amp#27;[m
&amp#27;[34m[INFO] - [09-07-2025 08:18:04] [main] [Utilities.ScreenshotsUtils] - Screenshot taken: TestOutputs\Screenshots\passed-loginWithValidAdminCredentialsTC-2025-07-09_08-18-03.png&amp#27;[m
&amp#27;[34m[INFO] - [09-07-2025 08:18:04] [main] [Utilities.AllureUtils] - Screenshot attached to Allure report: TestOutputs\Screenshots\passed-loginWithValidAdminCredentialsTC-2025-07-09_08-18-03.png&amp#27;[m
&amp#27;[34m[INFO] - [09-07-2025 08:18:04] [main] [Utilities.AllureUtils] - Log file attached to Allure report: TestOutputs\Logs\log_2025-07-09_08-17-42.log&amp#27;[m
]]></system-out>
    <system-err><![CDATA[Jul 09, 2025 8:17:55 AM org.openqa.selenium.devtools.CdpVersionFinder findNearestMatch
WARNING: Unable to find an exact match for CDP version 138, returning the closest version; found: 135; Please update to a Selenium version that supports CDP version 138
]]></system-err>
  </testcase>
</testsuite>