<?xml version="1.0" encoding="UTF-8"?>
<testsuite xmlns:xsi="http://www.w3.org/2001/XMLSchema-instance" xsi:noNamespaceSchemaLocation="https://maven.apache.org/surefire/maven-surefire-plugin/xsd/surefire-test-report.xsd" version="3.0.2" name="TestSuite" time="31.852" tests="4" errors="0" skipped="0" failures="0">
  <properties>
[...]
</properties>
  <testcase name="loginWithValidAdminCredentialsTC" classname="Tests.TC01_LoginTest" time="4.213">
    <system-out><![CDATA[&amp#27;[32;1m[DEBUG] - [21-07-2025 19:41:45] [main] [org.testng.TestNG] - suiteXmlPath: "D:\Automation Course\Docker\Framework\TestRunners\ProjectRunner.xml"&amp#27;[m
&amp#27;[34m[INFO] - [21-07-2025 19:41:46] [main] [Listeners.TestNGListeners] - Test execution started&amp#27;[m
&amp#27;[34m[INFO] - [21-07-2025 19:41:46] [main] [Utilities.PropertiesUtils] - Properties file loaded successfully&amp#27;[m
&amp#27;[34m[INFO] - [21-07-2025 19:41:46] [main] [Utilities.PropertiesUtils] - Properties file loaded successfully&amp#27;[m
&amp#27;[34m[INFO] - [21-07-2025 19:41:46] [main] [Utilities.PropertiesUtils] - Properties file loaded successfully&amp#27;[m
&amp#27;[34m[INFO] - [21-07-2025 19:41:46] [main] [Utilities.PropertiesUtils] - Properties file loaded successfully&amp#27;[m
&amp#27;[34m[INFO] - [21-07-2025 19:41:46] [main] [Utilities.PropertiesUtils] - Properties file loaded successfully&amp#27;[m
&amp#27;[34m[INFO] - [21-07-2025 19:41:46] [main] [Utilities.PropertiesUtils] - Properties file loaded successfully&amp#27;[m
&amp#27;[34m[INFO] - [21-07-2025 19:41:46] [main] [Utilities.PropertiesUtils] - Loading properties file data&amp#27;[m
&amp#27;[34m[INFO] - [21-07-2025 19:41:46] [main] [Utilities.FilesUtils] - Directory already exists: TestOutputs\allure-results&amp#27;[m
&amp#27;[34m[INFO] - [21-07-2025 19:41:46] [main] [Utilities.FilesUtils] - Directory already exists: TestOutputs\allure-report&amp#27;[m
&amp#27;[34m[INFO] - [21-07-2025 19:41:46] [main] [Utilities.FilesUtils] - Directory already exists: TestOutputs\Logs&amp#27;[m
&amp#27;[34m[INFO] - [21-07-2025 19:41:46] [main] [Utilities.FilesUtils] - Directory created: TestOutputs\Screenshots&amp#27;[m
&amp#27;[34m[INFO] - [21-07-2025 19:41:46] [main] [Utilities.FilesUtils] - Directory created: TestOutputs\ScreenRecordings&amp#27;[m
&amp#27;[34m[INFO] - [21-07-2025 19:41:46] [TestNG-tests-2] [Utilities.AllureUtils] - Log file attached to Allure report: TestOutputs\Logs\log_2025-07-21_19-41-45.log&amp#27;[m
&amp#27;[34m[INFO] - [21-07-2025 19:41:46] [TestNG-tests-1] [Utilities.AllureUtils] - Log file attached to Allure report: TestOutputs\Logs\log_2025-07-21_19-41-45.log&amp#27;[m
&amp#27;[32;1m[DEBUG] - [21-07-2025 19:41:46] [TestNG-tests-2] [Tests.TC01_LoginTest] - Firefox&amp#27;[m
&amp#27;[32;1m[DEBUG] - [21-07-2025 19:41:46] [TestNG-tests-1] [Tests.TC01_LoginTest] - Chrome&amp#27;[m
&amp#27;[34m[INFO] - [21-07-2025 19:41:46] [TestNG-tests-1] [Factories.RemoteDriverFactory] - Starting remote driver for browser: Chrome on platform: Linux&amp#27;[m
&amp#27;[34m[INFO] - [21-07-2025 19:41:46] [TestNG-tests-2] [Factories.RemoteDriverFactory] - Starting remote driver for browser: Firefox on platform: Linux&amp#27;[m
&amp#27;[34m[INFO] - [21-07-2025 19:41:47] [TestNG-tests-1] [Utilities.AllureUtils] - Log file attached to Allure report: TestOutputs\Logs\log_2025-07-21_19-41-45.log&amp#27;[m
&amp#27;[34m[INFO] - [21-07-2025 19:41:48] [TestNG-tests-1] [Pages.P01_LoginPage] - Navigating to login page&amp#27;[m
&amp#27;[34m[INFO] - [21-07-2025 19:41:48] [TestNG-tests-1] [Utilities.BrowserUtils] - Navigating to URL: https://www.saucedemo.com/&amp#27;[m
&amp#27;[32;1m[DEBUG] - [21-07-2025 19:41:50] [TestNG-tests-1] [com.jayway.jsonpath.internal.path.CompiledPath] - Evaluating path: $['validLoginCredentials']['username']&amp#27;[m
&amp#27;[34m[INFO] - [21-07-2025 19:41:50] [TestNG-tests-1] [Pages.P01_LoginPage] - Entering username&amp#27;[m
&amp#27;[34m[INFO] - [21-07-2025 19:41:50] [TestNG-tests-1] [Utilities.ElementUtils] - Sending standard_user to element: By.id: user-name&amp#27;[m
&amp#27;[34m[INFO] - [21-07-2025 19:41:50] [TestNG-tests-1] [Utilities.WaitUtils] - Waiting for element to be visible with locator: By.id: user-name&amp#27;[m
&amp#27;[34m[INFO] - [21-07-2025 19:41:50] [TestNG-tests-1] [Utilities.WaitUtils] - Waiting for element to be present with locator: By.id: user-name&amp#27;[m
&amp#27;[34m[INFO] - [21-07-2025 19:41:50] [TestNG-tests-1] [Utilities.ElementUtils] - Scrolling to element with locator: By.id: user-name&amp#27;[m
&amp#27;[34m[INFO] - [21-07-2025 19:41:50] [TestNG-tests-1] [Utilities.ElementUtils] - Finding element with locator: By.id: user-name&amp#27;[m
&amp#27;[34m[INFO] - [21-07-2025 19:41:50] [TestNG-tests-1] [Utilities.ElementUtils] - Finding element with locator: By.id: user-name&amp#27;[m
&amp#27;[32;1m[DEBUG] - [21-07-2025 19:41:50] [TestNG-tests-1] [com.jayway.jsonpath.internal.path.CompiledPath] - Evaluating path: $['validLoginCredentials']['password']&amp#27;[m
&amp#27;[34m[INFO] - [21-07-2025 19:41:50] [TestNG-tests-1] [Pages.P01_LoginPage] - Entering password&amp#27;[m
&amp#27;[34m[INFO] - [21-07-2025 19:41:50] [TestNG-tests-1] [Utilities.ElementUtils] - Sending secret_sauce to element: By.id: password&amp#27;[m
&amp#27;[34m[INFO] - [21-07-2025 19:41:50] [TestNG-tests-1] [Utilities.WaitUtils] - Waiting for element to be visible with locator: By.id: password&amp#27;[m
&amp#27;[34m[INFO] - [21-07-2025 19:41:50] [TestNG-tests-1] [Utilities.WaitUtils] - Waiting for element to be present with locator: By.id: password&amp#27;[m
&amp#27;[34m[INFO] - [21-07-2025 19:41:50] [TestNG-tests-1] [Utilities.ElementUtils] - Scrolling to element with locator: By.id: password&amp#27;[m
&amp#27;[34m[INFO] - [21-07-2025 19:41:50] [TestNG-tests-1] [Utilities.ElementUtils] - Finding element with locator: By.id: password&amp#27;[m
&amp#27;[34m[INFO] - [21-07-2025 19:41:50] [TestNG-tests-1] [Utilities.ElementUtils] - Finding element with locator: By.id: password&amp#27;[m
&amp#27;[34m[INFO] - [21-07-2025 19:41:50] [TestNG-tests-1] [Pages.P01_LoginPage] - Clicking login button&amp#27;[m
&amp#27;[34m[INFO] - [21-07-2025 19:41:50] [TestNG-tests-1] [Utilities.ElementUtils] - Clicking on element: By.id: login-button&amp#27;[m
&amp#27;[34m[INFO] - [21-07-2025 19:41:50] [TestNG-tests-1] [Utilities.WaitUtils] - Waiting for element to be clickable with locator: By.id: login-button&amp#27;[m
&amp#27;[34m[INFO] - [21-07-2025 19:41:50] [TestNG-tests-1] [Utilities.WaitUtils] - Waiting for element to be visible with locator: By.id: login-button&amp#27;[m
&amp#27;[34m[INFO] - [21-07-2025 19:41:50] [TestNG-tests-1] [Utilities.WaitUtils] - Waiting for element to be present with locator: By.id: login-button&amp#27;[m
&amp#27;[34m[INFO] - [21-07-2025 19:41:51] [TestNG-tests-1] [Utilities.ElementUtils] - Scrolling to element with locator: By.id: login-button&amp#27;[m
&amp#27;[34m[INFO] - [21-07-2025 19:41:51] [TestNG-tests-1] [Utilities.ElementUtils] - Finding element with locator: By.id: login-button&amp#27;[m
&amp#27;[34m[INFO] - [21-07-2025 19:41:51] [TestNG-tests-1] [Utilities.ElementUtils] - Finding element with locator: By.id: login-button&amp#27;[m
&amp#27;[34m[INFO] - [21-07-2025 19:41:51] [TestNG-tests-1] [Pages.P01_LoginPage] - Asserting login with valid credentials&amp#27;[m
&amp#27;[34m[INFO] - [21-07-2025 19:41:52] [TestNG-tests-1] [Utilities.BrowserUtils] - Current URL is: https://www.saucedemo.com/inventory.html&amp#27;[m
&amp#27;[34m[INFO] - [21-07-2025 19:41:52] [TestNG-tests-1] [Utilities.SoftAssertActionsUtils] - Asserting page URL&amp#27;[m
&amp#27;[34m[INFO] - [21-07-2025 19:41:52] [TestNG-tests-1] [Utilities.SoftAssertActionsUtils] - Expected URL: https://www.saucedemo.com/inventory.html&amp#27;[m
&amp#27;[34m[INFO] - [21-07-2025 19:41:52] [TestNG-tests-1] [Utilities.SoftAssertActionsUtils] - Actual URL: https://www.saucedemo.com/inventory.html&amp#27;[m
&amp#27;[34m[INFO] - [21-07-2025 19:41:52] [TestNG-tests-1] [Utilities.WaitUtils] - Waiting for page to load with URL: https://www.saucedemo.com/inventory.html&amp#27;[m
&amp#27;[34m[INFO] - [21-07-2025 19:41:52] [TestNG-tests-1] [Utilities.SoftAssertUtils] - Asserting true&amp#27;[m
&amp#27;[34m[INFO] - [21-07-2025 19:41:53] [TestNG-tests-2] [Utilities.AllureUtils] - Log file attached to Allure report: TestOutputs\Logs\log_2025-07-21_19-41-45.log&amp#27;[m
&amp#27;[34m[INFO] - [21-07-2025 19:41:53] [TestNG-tests-2] [Pages.P01_LoginPage] - Navigating to login page&amp#27;[m
&amp#27;[34m[INFO] - [21-07-2025 19:41:53] [TestNG-tests-2] [Utilities.BrowserUtils] - Navigating to URL: https://www.saucedemo.com/&amp#27;[m
&amp#27;[34m[INFO] - [21-07-2025 19:41:57] [TestNG-tests-1] [Utilities.ScreenRecorderUtils] - Recording stopped&amp#27;[m
&amp#27;[31;1m[ERROR] - [21-07-2025 19:41:57] [TestNG-tests-1] [Utilities.ScreenRecorderUtils] - Error stopping screen recording: Cannot invoke "org.monte.screenrecorder.ScreenRecorder.stop()" because "Utilities.ScreenRecorderUtils.screenRecorder" is null&amp#27;[m
&amp#27;[34m[INFO] - [21-07-2025 19:41:57] [TestNG-tests-1] [Utilities.ScreenshotsUtils] - Screenshot taken: TestOutputs\Screenshots\passed-loginWithValidAdminCredentialsTC-2025-07-21_19-41-57.png&amp#27;[m
&amp#27;[34m[INFO] - [21-07-2025 19:41:57] [TestNG-tests-1] [Utilities.AllureUtils] - Screenshot attached to Allure report: TestOutputs\Screenshots\passed-loginWithValidAdminCredentialsTC-2025-07-21_19-41-57.png&amp#27;[m
&amp#27;[34m[INFO] - [21-07-2025 19:41:57] [TestNG-tests-1] [Utilities.AllureUtils] - Log file attached to Allure report: TestOutputs\Logs\log_2025-07-21_19-41-45.log&amp#27;[m
]]></system-out>
    <system-err><![CDATA[Jul 21, 2025 7:41:46 PM org.openqa.selenium.remote.tracing.opentelemetry.OpenTelemetryTracer createTracer
INFO: Using OpenTelemetry for tracing
]]></system-err>
  </testcase>
  <testcase name="loginWithValidAdminCredentialsTC" classname="Tests.TC01_LoginTest" time="5.441">
    <system-out><![CDATA[&amp#27;[34m[INFO] - [21-07-2025 19:42:01] [TestNG-tests-1] [Listeners.TestNGListeners] - Test addProductsToCart passed&amp#27;[m
&amp#27;[34m[INFO] - [21-07-2025 19:42:01] [TestNG-tests-1] [Utilities.BrowserUtils] - Quitting the browser&amp#27;[m
&amp#27;[34m[INFO] - [21-07-2025 19:42:01] [TestNG-tests-1] [Factories.DriverFactory] - Removing driver&amp#27;[m
&amp#27;[34m[INFO] - [21-07-2025 19:42:01] [TestNG-tests-1] [Utilities.AllureUtils] - Log file attached to Allure report: TestOutputs\Logs\log_2025-07-21_19-41-45.log&amp#27;[m
&amp#27;[34m[INFO] - [21-07-2025 19:42:03] [TestNG-tests-2] [Utilities.ScreenRecorderUtils] - Recording stopped&amp#27;[m
&amp#27;[31;1m[ERROR] - [21-07-2025 19:42:03] [TestNG-tests-2] [Utilities.ScreenRecorderUtils] - Error stopping screen recording: Cannot invoke "org.monte.screenrecorder.ScreenRecorder.stop()" because "Utilities.ScreenRecorderUtils.screenRecorder" is null&amp#27;[m
&amp#27;[34m[INFO] - [21-07-2025 19:42:03] [TestNG-tests-2] [Utilities.ScreenshotsUtils] - Screenshot taken: TestOutputs\Screenshots\passed-loginWithValidAdminCredentialsTC-2025-07-21_19-42-03.png&amp#27;[m
&amp#27;[34m[INFO] - [21-07-2025 19:42:03] [TestNG-tests-2] [Utilities.AllureUtils] - Screenshot attached to Allure report: TestOutputs\Screenshots\passed-loginWithValidAdminCredentialsTC-2025-07-21_19-42-03.png&amp#27;[m
&amp#27;[34m[INFO] - [21-07-2025 19:42:03] [TestNG-tests-2] [Utilities.AllureUtils] - Log file attached to Allure report: TestOutputs\Logs\log_2025-07-21_19-41-45.log&amp#27;[m
]]></system-out>
  </testcase>
  <testcase name="addProductsToCart" classname="Tests.TC02_ProductsPage" time="3.281">
    <system-out><![CDATA[&amp#27;[34m[INFO] - [21-07-2025 19:41:57] [TestNG-tests-1] [Listeners.TestNGListeners] - Test loginWithValidAdminCredentialsTC passed&amp#27;[m
&amp#27;[34m[INFO] - [21-07-2025 19:41:57] [TestNG-tests-1] [Utilities.BrowserUtils] - Quitting the browser&amp#27;[m
&amp#27;[34m[INFO] - [21-07-2025 19:41:57] [TestNG-tests-1] [Factories.DriverFactory] - Removing driver&amp#27;[m
&amp#27;[34m[INFO] - [21-07-2025 19:41:57] [TestNG-tests-1] [Utilities.AllureUtils] - Log file attached to Allure report: TestOutputs\Logs\log_2025-07-21_19-41-45.log&amp#27;[m
&amp#27;[34m[INFO] - [21-07-2025 19:41:57] [TestNG-tests-1] [Utilities.AllureUtils] - Log file attached to Allure report: TestOutputs\Logs\log_2025-07-21_19-41-45.log&amp#27;[m
&amp#27;[32;1m[DEBUG] - [21-07-2025 19:41:57] [TestNG-tests-1] [Tests.TC02_ProductsPage] - Chrome&amp#27;[m
&amp#27;[34m[INFO] - [21-07-2025 19:41:57] [TestNG-tests-1] [Factories.RemoteDriverFactory] - Starting remote driver for browser: Chrome on platform: Linux&amp#27;[m
&amp#27;[32;1m[DEBUG] - [21-07-2025 19:41:57] [TestNG-tests-2] [com.jayway.jsonpath.internal.path.CompiledPath] - Evaluating path: $['validLoginCredentials']['username']&amp#27;[m
&amp#27;[34m[INFO] - [21-07-2025 19:41:57] [TestNG-tests-2] [Pages.P01_LoginPage] - Entering username&amp#27;[m
&amp#27;[34m[INFO] - [21-07-2025 19:41:57] [TestNG-tests-2] [Utilities.ElementUtils] - Sending standard_user to element: By.id: user-name&amp#27;[m
&amp#27;[34m[INFO] - [21-07-2025 19:41:57] [TestNG-tests-2] [Utilities.WaitUtils] - Waiting for element to be visible with locator: By.id: user-name&amp#27;[m
&amp#27;[34m[INFO] - [21-07-2025 19:41:57] [TestNG-tests-2] [Utilities.WaitUtils] - Waiting for element to be present with locator: By.id: user-name&amp#27;[m
&amp#27;[34m[INFO] - [21-07-2025 19:41:57] [TestNG-tests-2] [Utilities.ElementUtils] - Scrolling to element with locator: By.id: user-name&amp#27;[m
&amp#27;[34m[INFO] - [21-07-2025 19:41:57] [TestNG-tests-2] [Utilities.ElementUtils] - Finding element with locator: By.id: user-name&amp#27;[m
&amp#27;[34m[INFO] - [21-07-2025 19:41:57] [TestNG-tests-2] [Utilities.ElementUtils] - Finding element with locator: By.id: user-name&amp#27;[m
&amp#27;[32;1m[DEBUG] - [21-07-2025 19:41:57] [TestNG-tests-2] [com.jayway.jsonpath.internal.path.CompiledPath] - Evaluating path: $['validLoginCredentials']['password']&amp#27;[m
&amp#27;[34m[INFO] - [21-07-2025 19:41:57] [TestNG-tests-2] [Pages.P01_LoginPage] - Entering password&amp#27;[m
&amp#27;[34m[INFO] - [21-07-2025 19:41:57] [TestNG-tests-2] [Utilities.ElementUtils] - Sending secret_sauce to element: By.id: password&amp#27;[m
&amp#27;[34m[INFO] - [21-07-2025 19:41:57] [TestNG-tests-2] [Utilities.WaitUtils] - Waiting for element to be visible with locator: By.id: password&amp#27;[m
&amp#27;[34m[INFO] - [21-07-2025 19:41:57] [TestNG-tests-2] [Utilities.WaitUtils] - Waiting for element to be present with locator: By.id: password&amp#27;[m
&amp#27;[34m[INFO] - [21-07-2025 19:41:57] [TestNG-tests-2] [Utilities.ElementUtils] - Scrolling to element with locator: By.id: password&amp#27;[m
&amp#27;[34m[INFO] - [21-07-2025 19:41:57] [TestNG-tests-2] [Utilities.ElementUtils] - Finding element with locator: By.id: password&amp#27;[m
&amp#27;[34m[INFO] - [21-07-2025 19:41:58] [TestNG-tests-2] [Utilities.ElementUtils] - Finding element with locator: By.id: password&amp#27;[m
&amp#27;[34m[INFO] - [21-07-2025 19:41:58] [TestNG-tests-2] [Pages.P01_LoginPage] - Clicking login button&amp#27;[m
&amp#27;[34m[INFO] - [21-07-2025 19:41:58] [TestNG-tests-2] [Utilities.ElementUtils] - Clicking on element: By.id: login-button&amp#27;[m
&amp#27;[34m[INFO] - [21-07-2025 19:41:58] [TestNG-tests-2] [Utilities.WaitUtils] - Waiting for element to be clickable with locator: By.id: login-button&amp#27;[m
&amp#27;[34m[INFO] - [21-07-2025 19:41:58] [TestNG-tests-2] [Utilities.WaitUtils] - Waiting for element to be visible with locator: By.id: login-button&amp#27;[m
&amp#27;[34m[INFO] - [21-07-2025 19:41:58] [TestNG-tests-2] [Utilities.WaitUtils] - Waiting for element to be present with locator: By.id: login-button&amp#27;[m
&amp#27;[34m[INFO] - [21-07-2025 19:41:58] [TestNG-tests-1] [Utilities.AllureUtils] - Log file attached to Allure report: TestOutputs\Logs\log_2025-07-21_19-41-45.log&amp#27;[m
&amp#27;[34m[INFO] - [21-07-2025 19:41:58] [TestNG-tests-2] [Utilities.ElementUtils] - Scrolling to element with locator: By.id: login-button&amp#27;[m
&amp#27;[34m[INFO] - [21-07-2025 19:41:58] [TestNG-tests-2] [Utilities.ElementUtils] - Finding element with locator: By.id: login-button&amp#27;[m
&amp#27;[34m[INFO] - [21-07-2025 19:41:58] [TestNG-tests-1] [Pages.P01_LoginPage] - Navigating to login page&amp#27;[m
&amp#27;[34m[INFO] - [21-07-2025 19:41:58] [TestNG-tests-1] [Utilities.BrowserUtils] - Navigating to URL: https://www.saucedemo.com/&amp#27;[m
&amp#27;[34m[INFO] - [21-07-2025 19:41:58] [TestNG-tests-2] [Utilities.ElementUtils] - Finding element with locator: By.id: login-button&amp#27;[m
&amp#27;[34m[INFO] - [21-07-2025 19:41:58] [TestNG-tests-2] [Pages.P01_LoginPage] - Asserting login with valid credentials&amp#27;[m
&amp#27;[34m[INFO] - [21-07-2025 19:41:58] [TestNG-tests-2] [Utilities.BrowserUtils] - Current URL is: https://www.saucedemo.com/inventory.html&amp#27;[m
&amp#27;[34m[INFO] - [21-07-2025 19:41:58] [TestNG-tests-2] [Utilities.SoftAssertActionsUtils] - Asserting page URL&amp#27;[m
&amp#27;[34m[INFO] - [21-07-2025 19:41:58] [TestNG-tests-2] [Utilities.SoftAssertActionsUtils] - Expected URL: https://www.saucedemo.com/inventory.html&amp#27;[m
&amp#27;[34m[INFO] - [21-07-2025 19:41:58] [TestNG-tests-2] [Utilities.SoftAssertActionsUtils] - Actual URL: https://www.saucedemo.com/inventory.html&amp#27;[m
&amp#27;[34m[INFO] - [21-07-2025 19:41:58] [TestNG-tests-2] [Utilities.WaitUtils] - Waiting for page to load with URL: https://www.saucedemo.com/inventory.html&amp#27;[m
&amp#27;[34m[INFO] - [21-07-2025 19:41:58] [TestNG-tests-2] [Utilities.SoftAssertUtils] - Asserting true&amp#27;[m
&amp#27;[32;1m[DEBUG] - [21-07-2025 19:42:00] [TestNG-tests-1] [com.jayway.jsonpath.internal.path.CompiledPath] - Evaluating path: $['validLoginCredentials']['username']&amp#27;[m
&amp#27;[34m[INFO] - [21-07-2025 19:42:00] [TestNG-tests-1] [Pages.P01_LoginPage] - Entering username&amp#27;[m
&amp#27;[34m[INFO] - [21-07-2025 19:42:00] [TestNG-tests-1] [Utilities.ElementUtils] - Sending standard_user to element: By.id: user-name&amp#27;[m
&amp#27;[34m[INFO] - [21-07-2025 19:42:00] [TestNG-tests-1] [Utilities.WaitUtils] - Waiting for element to be visible with locator: By.id: user-name&amp#27;[m
&amp#27;[34m[INFO] - [21-07-2025 19:42:00] [TestNG-tests-1] [Utilities.WaitUtils] - Waiting for element to be present with locator: By.id: user-name&amp#27;[m
&amp#27;[34m[INFO] - [21-07-2025 19:42:00] [TestNG-tests-1] [Utilities.ElementUtils] - Scrolling to element with locator: By.id: user-name&amp#27;[m
&amp#27;[34m[INFO] - [21-07-2025 19:42:00] [TestNG-tests-1] [Utilities.ElementUtils] - Finding element with locator: By.id: user-name&amp#27;[m
&amp#27;[34m[INFO] - [21-07-2025 19:42:00] [TestNG-tests-1] [Utilities.ElementUtils] - Finding element with locator: By.id: user-name&amp#27;[m
&amp#27;[32;1m[DEBUG] - [21-07-2025 19:42:00] [TestNG-tests-1] [com.jayway.jsonpath.internal.path.CompiledPath] - Evaluating path: $['validLoginCredentials']['password']&amp#27;[m
&amp#27;[34m[INFO] - [21-07-2025 19:42:00] [TestNG-tests-1] [Pages.P01_LoginPage] - Entering password&amp#27;[m
&amp#27;[34m[INFO] - [21-07-2025 19:42:00] [TestNG-tests-1] [Utilities.ElementUtils] - Sending secret_sauce to element: By.id: password&amp#27;[m
&amp#27;[34m[INFO] - [21-07-2025 19:42:00] [TestNG-tests-1] [Utilities.WaitUtils] - Waiting for element to be visible with locator: By.id: password&amp#27;[m
&amp#27;[34m[INFO] - [21-07-2025 19:42:00] [TestNG-tests-1] [Utilities.WaitUtils] - Waiting for element to be present with locator: By.id: password&amp#27;[m
&amp#27;[34m[INFO] - [21-07-2025 19:42:00] [TestNG-tests-1] [Utilities.ElementUtils] - Scrolling to element with locator: By.id: password&amp#27;[m
&amp#27;[34m[INFO] - [21-07-2025 19:42:00] [TestNG-tests-1] [Utilities.ElementUtils] - Finding element with locator: By.id: password&amp#27;[m
&amp#27;[34m[INFO] - [21-07-2025 19:42:00] [TestNG-tests-1] [Utilities.ElementUtils] - Finding element with locator: By.id: password&amp#27;[m
&amp#27;[34m[INFO] - [21-07-2025 19:42:00] [TestNG-tests-1] [Pages.P01_LoginPage] - Clicking login button&amp#27;[m
&amp#27;[34m[INFO] - [21-07-2025 19:42:00] [TestNG-tests-1] [Utilities.ElementUtils] - Clicking on element: By.id: login-button&amp#27;[m
&amp#27;[34m[INFO] - [21-07-2025 19:42:00] [TestNG-tests-1] [Utilities.WaitUtils] - Waiting for element to be clickable with locator: By.id: login-button&amp#27;[m
&amp#27;[34m[INFO] - [21-07-2025 19:42:00] [TestNG-tests-1] [Utilities.WaitUtils] - Waiting for element to be visible with locator: By.id: login-button&amp#27;[m
&amp#27;[34m[INFO] - [21-07-2025 19:42:00] [TestNG-tests-1] [Utilities.WaitUtils] - Waiting for element to be present with locator: By.id: login-button&amp#27;[m
&amp#27;[34m[INFO] - [21-07-2025 19:42:00] [TestNG-tests-1] [Utilities.ElementUtils] - Scrolling to element with locator: By.id: login-button&amp#27;[m
&amp#27;[34m[INFO] - [21-07-2025 19:42:00] [TestNG-tests-1] [Utilities.ElementUtils] - Finding element with locator: By.id: login-button&amp#27;[m
&amp#27;[34m[INFO] - [21-07-2025 19:42:00] [TestNG-tests-1] [Utilities.ElementUtils] - Finding element with locator: By.id: login-button&amp#27;[m
&amp#27;[34m[INFO] - [21-07-2025 19:42:01] [TestNG-tests-1] [Pages.P01_LoginPage] - Asserting login with valid credentials&amp#27;[m
&amp#27;[34m[INFO] - [21-07-2025 19:42:01] [TestNG-tests-1] [Utilities.BrowserUtils] - Current URL is: https://www.saucedemo.com/inventory.html&amp#27;[m
&amp#27;[34m[INFO] - [21-07-2025 19:42:01] [TestNG-tests-1] [Utilities.SoftAssertActionsUtils] - Asserting page URL&amp#27;[m
&amp#27;[34m[INFO] - [21-07-2025 19:42:01] [TestNG-tests-1] [Utilities.SoftAssertActionsUtils] - Expected URL: https://www.saucedemo.com/inventory.html&amp#27;[m
&amp#27;[34m[INFO] - [21-07-2025 19:42:01] [TestNG-tests-1] [Utilities.SoftAssertActionsUtils] - Actual URL: https://www.saucedemo.com/inventory.html&amp#27;[m
&amp#27;[34m[INFO] - [21-07-2025 19:42:01] [TestNG-tests-1] [Utilities.WaitUtils] - Waiting for page to load with URL: https://www.saucedemo.com/inventory.html&amp#27;[m
&amp#27;[34m[INFO] - [21-07-2025 19:42:01] [TestNG-tests-1] [Utilities.SoftAssertUtils] - Asserting true&amp#27;[m
&amp#27;[34m[INFO] - [21-07-2025 19:42:01] [TestNG-tests-1] [Pages.P02_ProductsPage] - Clicking on Sauce Labs Backpack Add to Cart button&amp#27;[m
&amp#27;[34m[INFO] - [21-07-2025 19:42:01] [TestNG-tests-1] [Utilities.ElementUtils] - Clicking on element: By.id: add-to-cart-sauce-labs-backpack&amp#27;[m
&amp#27;[34m[INFO] - [21-07-2025 19:42:01] [TestNG-tests-1] [Utilities.WaitUtils] - Waiting for element to be clickable with locator: By.id: add-to-cart-sauce-labs-backpack&amp#27;[m
&amp#27;[34m[INFO] - [21-07-2025 19:42:01] [TestNG-tests-1] [Utilities.WaitUtils] - Waiting for element to be visible with locator: By.id: add-to-cart-sauce-labs-backpack&amp#27;[m
&amp#27;[34m[INFO] - [21-07-2025 19:42:01] [TestNG-tests-1] [Utilities.WaitUtils] - Waiting for element to be present with locator: By.id: add-to-cart-sauce-labs-backpack&amp#27;[m
&amp#27;[34m[INFO] - [21-07-2025 19:42:01] [TestNG-tests-1] [Utilities.ElementUtils] - Scrolling to element with locator: By.id: add-to-cart-sauce-labs-backpack&amp#27;[m
&amp#27;[34m[INFO] - [21-07-2025 19:42:01] [TestNG-tests-1] [Utilities.ElementUtils] - Finding element with locator: By.id: add-to-cart-sauce-labs-backpack&amp#27;[m
&amp#27;[34m[INFO] - [21-07-2025 19:42:01] [TestNG-tests-1] [Utilities.ElementUtils] - Finding element with locator: By.id: add-to-cart-sauce-labs-backpack&amp#27;[m
&amp#27;[34m[INFO] - [21-07-2025 19:42:01] [TestNG-tests-1] [Pages.P02_ProductsPage] - Asserting number of items in cart&amp#27;[m
&amp#27;[34m[INFO] - [21-07-2025 19:42:01] [TestNG-tests-1] [Pages.P02_ProductsPage] - Getting number of items in cart&amp#27;[m
&amp#27;[34m[INFO] - [21-07-2025 19:42:01] [TestNG-tests-1] [Utilities.ElementUtils] - Getting data from element: By.cssSelector: [data-test="shopping-cart-badge"]&amp#27;[m
&amp#27;[34m[INFO] - [21-07-2025 19:42:01] [TestNG-tests-1] [Utilities.WaitUtils] - Waiting for element to be visible with locator: By.cssSelector: [data-test="shopping-cart-badge"]&amp#27;[m
&amp#27;[34m[INFO] - [21-07-2025 19:42:01] [TestNG-tests-1] [Utilities.WaitUtils] - Waiting for element to be present with locator: By.cssSelector: [data-test="shopping-cart-badge"]&amp#27;[m
&amp#27;[34m[INFO] - [21-07-2025 19:42:01] [TestNG-tests-1] [Utilities.ElementUtils] - Scrolling to element with locator: By.cssSelector: [data-test="shopping-cart-badge"]&amp#27;[m
&amp#27;[34m[INFO] - [21-07-2025 19:42:01] [TestNG-tests-1] [Utilities.ElementUtils] - Finding element with locator: By.cssSelector: [data-test="shopping-cart-badge"]&amp#27;[m
&amp#27;[34m[INFO] - [21-07-2025 19:42:01] [TestNG-tests-1] [Utilities.ElementUtils] - Finding element with locator: By.cssSelector: [data-test="shopping-cart-badge"]&amp#27;[m
&amp#27;[34m[INFO] - [21-07-2025 19:42:01] [TestNG-tests-1] [Utilities.SoftAssertUtils] - Asserting equals&amp#27;[m
&amp#27;[34m[INFO] - [21-07-2025 19:42:01] [TestNG-tests-1] [Utilities.ScreenRecorderUtils] - Recording stopped&amp#27;[m
&amp#27;[31;1m[ERROR] - [21-07-2025 19:42:01] [TestNG-tests-1] [Utilities.ScreenRecorderUtils] - Error stopping screen recording: Cannot invoke "org.monte.screenrecorder.ScreenRecorder.stop()" because "Utilities.ScreenRecorderUtils.screenRecorder" is null&amp#27;[m
&amp#27;[34m[INFO] - [21-07-2025 19:42:01] [TestNG-tests-1] [Utilities.ScreenshotsUtils] - Screenshot taken: TestOutputs\Screenshots\passed-addProductsToCart-2025-07-21_19-42-01.png&amp#27;[m
&amp#27;[34m[INFO] - [21-07-2025 19:42:01] [TestNG-tests-1] [Utilities.AllureUtils] - Screenshot attached to Allure report: TestOutputs\Screenshots\passed-addProductsToCart-2025-07-21_19-42-01.png&amp#27;[m
&amp#27;[34m[INFO] - [21-07-2025 19:42:01] [TestNG-tests-1] [Utilities.AllureUtils] - Log file attached to Allure report: TestOutputs\Logs\log_2025-07-21_19-41-45.log&amp#27;[m
]]></system-out>
  </testcase>
  <testcase name="addProductsToCart" classname="Tests.TC02_ProductsPage" time="4.877">
    <system-out><![CDATA[&amp#27;[34m[INFO] - [21-07-2025 19:42:03] [TestNG-tests-2] [Listeners.TestNGListeners] - Test loginWithValidAdminCredentialsTC passed&amp#27;[m
&amp#27;[34m[INFO] - [21-07-2025 19:42:03] [TestNG-tests-2] [Utilities.BrowserUtils] - Quitting the browser&amp#27;[m
&amp#27;[34m[INFO] - [21-07-2025 19:42:05] [TestNG-tests-2] [Factories.DriverFactory] - Removing driver&amp#27;[m
&amp#27;[34m[INFO] - [21-07-2025 19:42:05] [TestNG-tests-2] [Utilities.AllureUtils] - Log file attached to Allure report: TestOutputs\Logs\log_2025-07-21_19-41-45.log&amp#27;[m
&amp#27;[34m[INFO] - [21-07-2025 19:42:05] [TestNG-tests-2] [Utilities.AllureUtils] - Log file attached to Allure report: TestOutputs\Logs\log_2025-07-21_19-41-45.log&amp#27;[m
&amp#27;[32;1m[DEBUG] - [21-07-2025 19:42:05] [TestNG-tests-2] [Tests.TC02_ProductsPage] - Firefox&amp#27;[m
&amp#27;[34m[INFO] - [21-07-2025 19:42:05] [TestNG-tests-2] [Factories.RemoteDriverFactory] - Starting remote driver for browser: Firefox on platform: Linux&amp#27;[m
&amp#27;[34m[INFO] - [21-07-2025 19:42:08] [TestNG-tests-2] [Utilities.AllureUtils] - Log file attached to Allure report: TestOutputs\Logs\log_2025-07-21_19-41-45.log&amp#27;[m
&amp#27;[34m[INFO] - [21-07-2025 19:42:08] [TestNG-tests-2] [Pages.P01_LoginPage] - Navigating to login page&amp#27;[m
&amp#27;[34m[INFO] - [21-07-2025 19:42:08] [TestNG-tests-2] [Utilities.BrowserUtils] - Navigating to URL: https://www.saucedemo.com/&amp#27;[m
&amp#27;[32;1m[DEBUG] - [21-07-2025 19:42:12] [TestNG-tests-2] [com.jayway.jsonpath.internal.path.CompiledPath] - Evaluating path: $['validLoginCredentials']['username']&amp#27;[m
&amp#27;[34m[INFO] - [21-07-2025 19:42:12] [TestNG-tests-2] [Pages.P01_LoginPage] - Entering username&amp#27;[m
&amp#27;[34m[INFO] - [21-07-2025 19:42:12] [TestNG-tests-2] [Utilities.ElementUtils] - Sending standard_user to element: By.id: user-name&amp#27;[m
&amp#27;[34m[INFO] - [21-07-2025 19:42:12] [TestNG-tests-2] [Utilities.WaitUtils] - Waiting for element to be visible with locator: By.id: user-name&amp#27;[m
&amp#27;[34m[INFO] - [21-07-2025 19:42:12] [TestNG-tests-2] [Utilities.WaitUtils] - Waiting for element to be present with locator: By.id: user-name&amp#27;[m
&amp#27;[34m[INFO] - [21-07-2025 19:42:12] [TestNG-tests-2] [Utilities.ElementUtils] - Scrolling to element with locator: By.id: user-name&amp#27;[m
&amp#27;[34m[INFO] - [21-07-2025 19:42:12] [TestNG-tests-2] [Utilities.ElementUtils] - Finding element with locator: By.id: user-name&amp#27;[m
&amp#27;[34m[INFO] - [21-07-2025 19:42:12] [TestNG-tests-2] [Utilities.ElementUtils] - Finding element with locator: By.id: user-name&amp#27;[m
&amp#27;[32;1m[DEBUG] - [21-07-2025 19:42:12] [TestNG-tests-2] [com.jayway.jsonpath.internal.path.CompiledPath] - Evaluating path: $['validLoginCredentials']['password']&amp#27;[m
&amp#27;[34m[INFO] - [21-07-2025 19:42:12] [TestNG-tests-2] [Pages.P01_LoginPage] - Entering password&amp#27;[m
&amp#27;[34m[INFO] - [21-07-2025 19:42:12] [TestNG-tests-2] [Utilities.ElementUtils] - Sending secret_sauce to element: By.id: password&amp#27;[m
&amp#27;[34m[INFO] - [21-07-2025 19:42:12] [TestNG-tests-2] [Utilities.WaitUtils] - Waiting for element to be visible with locator: By.id: password&amp#27;[m
&amp#27;[34m[INFO] - [21-07-2025 19:42:12] [TestNG-tests-2] [Utilities.WaitUtils] - Waiting for element to be present with locator: By.id: password&amp#27;[m
&amp#27;[34m[INFO] - [21-07-2025 19:42:12] [TestNG-tests-2] [Utilities.ElementUtils] - Scrolling to element with locator: By.id: password&amp#27;[m
&amp#27;[34m[INFO] - [21-07-2025 19:42:12] [TestNG-tests-2] [Utilities.ElementUtils] - Finding element with locator: By.id: password&amp#27;[m
&amp#27;[34m[INFO] - [21-07-2025 19:42:12] [TestNG-tests-2] [Utilities.ElementUtils] - Finding element with locator: By.id: password&amp#27;[m
&amp#27;[34m[INFO] - [21-07-2025 19:42:12] [TestNG-tests-2] [Pages.P01_LoginPage] - Clicking login button&amp#27;[m
&amp#27;[34m[INFO] - [21-07-2025 19:42:12] [TestNG-tests-2] [Utilities.ElementUtils] - Clicking on element: By.id: login-button&amp#27;[m
&amp#27;[34m[INFO] - [21-07-2025 19:42:12] [TestNG-tests-2] [Utilities.WaitUtils] - Waiting for element to be clickable with locator: By.id: login-button&amp#27;[m
&amp#27;[34m[INFO] - [21-07-2025 19:42:12] [TestNG-tests-2] [Utilities.WaitUtils] - Waiting for element to be visible with locator: By.id: login-button&amp#27;[m
&amp#27;[34m[INFO] - [21-07-2025 19:42:12] [TestNG-tests-2] [Utilities.WaitUtils] - Waiting for element to be present with locator: By.id: login-button&amp#27;[m
&amp#27;[34m[INFO] - [21-07-2025 19:42:12] [TestNG-tests-2] [Utilities.ElementUtils] - Scrolling to element with locator: By.id: login-button&amp#27;[m
&amp#27;[34m[INFO] - [21-07-2025 19:42:12] [TestNG-tests-2] [Utilities.ElementUtils] - Finding element with locator: By.id: login-button&amp#27;[m
&amp#27;[34m[INFO] - [21-07-2025 19:42:12] [TestNG-tests-2] [Utilities.ElementUtils] - Finding element with locator: By.id: login-button&amp#27;[m
&amp#27;[34m[INFO] - [21-07-2025 19:42:13] [TestNG-tests-2] [Pages.P01_LoginPage] - Asserting login with valid credentials&amp#27;[m
&amp#27;[34m[INFO] - [21-07-2025 19:42:13] [TestNG-tests-2] [Utilities.BrowserUtils] - Current URL is: https://www.saucedemo.com/inventory.html&amp#27;[m
&amp#27;[34m[INFO] - [21-07-2025 19:42:13] [TestNG-tests-2] [Utilities.SoftAssertActionsUtils] - Asserting page URL&amp#27;[m
&amp#27;[34m[INFO] - [21-07-2025 19:42:13] [TestNG-tests-2] [Utilities.SoftAssertActionsUtils] - Expected URL: https://www.saucedemo.com/inventory.html&amp#27;[m
&amp#27;[34m[INFO] - [21-07-2025 19:42:13] [TestNG-tests-2] [Utilities.SoftAssertActionsUtils] - Actual URL: https://www.saucedemo.com/inventory.html&amp#27;[m
&amp#27;[34m[INFO] - [21-07-2025 19:42:13] [TestNG-tests-2] [Utilities.WaitUtils] - Waiting for page to load with URL: https://www.saucedemo.com/inventory.html&amp#27;[m
&amp#27;[34m[INFO] - [21-07-2025 19:42:13] [TestNG-tests-2] [Utilities.SoftAssertUtils] - Asserting true&amp#27;[m
&amp#27;[34m[INFO] - [21-07-2025 19:42:13] [TestNG-tests-2] [Pages.P02_ProductsPage] - Clicking on Sauce Labs Backpack Add to Cart button&amp#27;[m
&amp#27;[34m[INFO] - [21-07-2025 19:42:13] [TestNG-tests-2] [Utilities.ElementUtils] - Clicking on element: By.id: add-to-cart-sauce-labs-backpack&amp#27;[m
&amp#27;[34m[INFO] - [21-07-2025 19:42:13] [TestNG-tests-2] [Utilities.WaitUtils] - Waiting for element to be clickable with locator: By.id: add-to-cart-sauce-labs-backpack&amp#27;[m
&amp#27;[34m[INFO] - [21-07-2025 19:42:13] [TestNG-tests-2] [Utilities.WaitUtils] - Waiting for element to be visible with locator: By.id: add-to-cart-sauce-labs-backpack&amp#27;[m
&amp#27;[34m[INFO] - [21-07-2025 19:42:13] [TestNG-tests-2] [Utilities.WaitUtils] - Waiting for element to be present with locator: By.id: add-to-cart-sauce-labs-backpack&amp#27;[m
&amp#27;[34m[INFO] - [21-07-2025 19:42:13] [TestNG-tests-2] [Utilities.ElementUtils] - Scrolling to element with locator: By.id: add-to-cart-sauce-labs-backpack&amp#27;[m
&amp#27;[34m[INFO] - [21-07-2025 19:42:13] [TestNG-tests-2] [Utilities.ElementUtils] - Finding element with locator: By.id: add-to-cart-sauce-labs-backpack&amp#27;[m
&amp#27;[34m[INFO] - [21-07-2025 19:42:13] [TestNG-tests-2] [Utilities.ElementUtils] - Finding element with locator: By.id: add-to-cart-sauce-labs-backpack&amp#27;[m
&amp#27;[34m[INFO] - [21-07-2025 19:42:13] [TestNG-tests-2] [Pages.P02_ProductsPage] - Asserting number of items in cart&amp#27;[m
&amp#27;[34m[INFO] - [21-07-2025 19:42:13] [TestNG-tests-2] [Pages.P02_ProductsPage] - Getting number of items in cart&amp#27;[m
&amp#27;[34m[INFO] - [21-07-2025 19:42:13] [TestNG-tests-2] [Utilities.ElementUtils] - Getting data from element: By.cssSelector: [data-test="shopping-cart-badge"]&amp#27;[m
&amp#27;[34m[INFO] - [21-07-2025 19:42:13] [TestNG-tests-2] [Utilities.WaitUtils] - Waiting for element to be visible with locator: By.cssSelector: [data-test="shopping-cart-badge"]&amp#27;[m
&amp#27;[34m[INFO] - [21-07-2025 19:42:13] [TestNG-tests-2] [Utilities.WaitUtils] - Waiting for element to be present with locator: By.cssSelector: [data-test="shopping-cart-badge"]&amp#27;[m
&amp#27;[34m[INFO] - [21-07-2025 19:42:13] [TestNG-tests-2] [Utilities.ElementUtils] - Scrolling to element with locator: By.cssSelector: [data-test="shopping-cart-badge"]&amp#27;[m
&amp#27;[34m[INFO] - [21-07-2025 19:42:13] [TestNG-tests-2] [Utilities.ElementUtils] - Finding element with locator: By.cssSelector: [data-test="shopping-cart-badge"]&amp#27;[m
&amp#27;[34m[INFO] - [21-07-2025 19:42:13] [TestNG-tests-2] [Utilities.ElementUtils] - Finding element with locator: By.cssSelector: [data-test="shopping-cart-badge"]&amp#27;[m
&amp#27;[34m[INFO] - [21-07-2025 19:42:13] [TestNG-tests-2] [Utilities.SoftAssertUtils] - Asserting equals&amp#27;[m
&amp#27;[34m[INFO] - [21-07-2025 19:42:13] [TestNG-tests-2] [Utilities.ScreenRecorderUtils] - Recording stopped&amp#27;[m
&amp#27;[31;1m[ERROR] - [21-07-2025 19:42:13] [TestNG-tests-2] [Utilities.ScreenRecorderUtils] - Error stopping screen recording: Cannot invoke "org.monte.screenrecorder.ScreenRecorder.stop()" because "Utilities.ScreenRecorderUtils.screenRecorder" is null&amp#27;[m
&amp#27;[34m[INFO] - [21-07-2025 19:42:13] [TestNG-tests-2] [Utilities.ScreenshotsUtils] - Screenshot taken: TestOutputs\Screenshots\passed-addProductsToCart-2025-07-21_19-42-13.png&amp#27;[m
&amp#27;[34m[INFO] - [21-07-2025 19:42:13] [TestNG-tests-2] [Utilities.AllureUtils] - Screenshot attached to Allure report: TestOutputs\Screenshots\passed-addProductsToCart-2025-07-21_19-42-13.png&amp#27;[m
&amp#27;[34m[INFO] - [21-07-2025 19:42:13] [TestNG-tests-2] [Utilities.AllureUtils] - Log file attached to Allure report: TestOutputs\Logs\log_2025-07-21_19-41-45.log&amp#27;[m
]]></system-out>
  </testcase>
</testsuite>