<?xml version="1.0" encoding="UTF-8"?>
<!-- Generated by org.testng.reporters.JUnitXMLReporter -->
<testsuite ignored="0" hostname="DESKTOP-S8RQRUM" failures="0" tests="2" name="Project Runner on Windows Chrome" time="55.674" errors="0" timestamp="2025-07-21T20:35:21 EEST">
  <testcase classname="Tests.TC01_LoginTest" name="loginWithValidAdminCredentialsTC" time="14.619"/>
  <testcase classname="Tests.TC02_ProductsPage" name="addProductsToCart" time="3.424"/>
</testsuite> <!-- Project Runner on Windows Chrome -->
