<?xml version="1.0" encoding="UTF-8"?>
<!-- Generated by org.testng.reporters.JUnitXMLReporter -->
<testsuite ignored="0" hostname="DESKTOP-S8RQRUM" failures="0" tests="2" name="Project Runner on Windows Edge" time="9.064" errors="0" timestamp="2025-07-21T18:41:17 EEST">
  <testcase classname="Tests.TC01_LoginTest" name="loginWithValidAdminCredentialsTC" time="1.602"/>
  <testcase classname="Tests.TC02_ProductsPage" name="addProductsToCart" time="2.193"/>
</testsuite> <!-- Project Runner on Windows Edge -->
