<?xml version="1.0" encoding="UTF-8"?>
<!-- Generated by org.testng.reporters.JUnitXMLReporter -->
<testsuite ignored="0" hostname="Mohmed-Adel" failures="0" tests="2" name="Project Runner on Windows Edge" time="9.6" errors="0" timestamp="2025-07-14T14:56:28 EEST">
  <testcase classname="Tests.TC01_LoginTest" name="loginWithValidAdminCredentialsTC" time="2.276"/>
  <testcase classname="Tests.TC02_ProductsPage" name="addProductsToCart" time="2.422"/>
</testsuite> <!-- Project Runner on Windows Edge -->
