<?xml version="1.0" encoding="UTF-8"?>
<!-- Generated by org.testng.reporters.JUnitXMLReporter -->
<testsuite ignored="0" hostname="Mohmed-Adel" failures="0" tests="2" name="Project Runner on Windows Chrome" time="9.784" errors="0" timestamp="2025-07-14T14:56:28 EEST">
  <testcase classname="Tests.TC01_LoginTest" name="loginWithValidAdminCredentialsTC" time="2.321"/>
  <testcase classname="Tests.TC02_ProductsPage" name="addProductsToCart" time="2.347"/>
</testsuite> <!-- Project Runner on Windows Chrome -->
