<?xml version="1.0" encoding="UTF-8"?>
<testng-results ignored="0" total="4" passed="4" failed="0" skipped="0">
  <reporter-output>
  </reporter-output>
  <suite started-at="2025-07-14T14:56:18 EEST" name="Project Runner" finished-at="2025-07-14T14:56:28 EEST" duration-ms="9784">
    <groups>
    </groups>
    <test started-at="2025-07-14T14:56:18 EEST" name="Project Runner on Windows Edge" finished-at="2025-07-14T14:56:28 EEST" duration-ms="9600">
      <class name="Tests.TC02_ProductsPage">
        <test-method is-config="true" signature="beforeClass()[pri:0, instance:Tests.TC02_ProductsPage@a8e6492]" started-at="2025-07-14T14:56:23 EEST" name="beforeClass" finished-at="2025-07-14T14:56:23 EEST" duration-ms="1" status="PASS">
          <reporter-output>
          </reporter-output>
        </test-method> <!-- beforeClass -->
        <test-method is-config="true" signature="beforeMethod(java.lang.String,java.lang.String)[pri:0, instance:Tests.TC02_ProductsPage@a8e6492]" started-at="2025-07-14T14:56:23 EEST" name="beforeMethod" finished-at="2025-07-14T14:56:25 EEST" duration-ms="1544" status="PASS">
          <params>
            <param index="0">
              <value>
                <![CDATA[Edge]]>
              </value>
            </param>
            <param index="1">
              <value>
                <![CDATA[Windows]]>
              </value>
            </param>
          </params>
          <reporter-output>
          </reporter-output>
        </test-method> <!-- beforeMethod -->
        <test-method signature="addProductsToCart()[pri:0, instance:Tests.TC02_ProductsPage@a8e6492]" started-at="2025-07-14T14:56:25 EEST" name="addProductsToCart" finished-at="2025-07-14T14:56:27 EEST" duration-ms="2422" status="PASS">
          <reporter-output>
          </reporter-output>
        </test-method> <!-- addProductsToCart -->
        <test-method is-config="true" signature="afterMethod()[pri:0, instance:Tests.TC02_ProductsPage@a8e6492]" started-at="2025-07-14T14:56:27 EEST" name="afterMethod" finished-at="2025-07-14T14:56:27 EEST" duration-ms="147" status="PASS">
          <reporter-output>
          </reporter-output>
        </test-method> <!-- afterMethod -->
      </class> <!-- Tests.TC02_ProductsPage -->
      <class name="Tests.TC01_LoginTest">
        <test-method is-config="true" signature="beforeClass()[pri:0, instance:Tests.TC01_LoginTest@3fffff43]" started-at="2025-07-14T14:56:18 EEST" name="beforeClass" finished-at="2025-07-14T14:56:18 EEST" duration-ms="29" status="PASS">
          <reporter-output>
          </reporter-output>
        </test-method> <!-- beforeClass -->
        <test-method is-config="true" signature="beforeMethod(java.lang.String,java.lang.String)[pri:0, instance:Tests.TC01_LoginTest@3fffff43]" started-at="2025-07-14T14:56:18 EEST" name="beforeMethod" finished-at="2025-07-14T14:56:20 EEST" duration-ms="2202" status="PASS">
          <params>
            <param index="0">
              <value>
                <![CDATA[Edge]]>
              </value>
            </param>
            <param index="1">
              <value>
                <![CDATA[Windows]]>
              </value>
            </param>
          </params>
          <reporter-output>
          </reporter-output>
        </test-method> <!-- beforeMethod -->
        <test-method signature="loginWithValidAdminCredentialsTC()[pri:0, instance:Tests.TC01_LoginTest@3fffff43]" started-at="2025-07-14T14:56:20 EEST" name="loginWithValidAdminCredentialsTC" finished-at="2025-07-14T14:56:23 EEST" duration-ms="2276" status="PASS">
          <reporter-output>
          </reporter-output>
        </test-method> <!-- loginWithValidAdminCredentialsTC -->
        <test-method is-config="true" signature="afterMethod()[pri:0, instance:Tests.TC01_LoginTest@3fffff43]" started-at="2025-07-14T14:56:23 EEST" name="afterMethod" finished-at="2025-07-14T14:56:23 EEST" duration-ms="245" status="PASS">
          <reporter-output>
          </reporter-output>
        </test-method> <!-- afterMethod -->
      </class> <!-- Tests.TC01_LoginTest -->
    </test> <!-- Project Runner on Windows Edge -->
    <test started-at="2025-07-14T14:56:18 EEST" name="Project Runner on Windows Chrome" finished-at="2025-07-14T14:56:28 EEST" duration-ms="9784">
      <class name="Tests.TC02_ProductsPage">
        <test-method is-config="true" signature="beforeClass()[pri:0, instance:Tests.TC02_ProductsPage@1698fc68]" started-at="2025-07-14T14:56:23 EEST" name="beforeClass" finished-at="2025-07-14T14:56:23 EEST" duration-ms="1" status="PASS">
          <reporter-output>
          </reporter-output>
        </test-method> <!-- beforeClass -->
        <test-method is-config="true" signature="beforeMethod(java.lang.String,java.lang.String)[pri:0, instance:Tests.TC02_ProductsPage@1698fc68]" started-at="2025-07-14T14:56:23 EEST" name="beforeMethod" finished-at="2025-07-14T14:56:25 EEST" duration-ms="1723" status="PASS">
          <params>
            <param index="0">
              <value>
                <![CDATA[Chrome]]>
              </value>
            </param>
            <param index="1">
              <value>
                <![CDATA[Windows]]>
              </value>
            </param>
          </params>
          <reporter-output>
          </reporter-output>
        </test-method> <!-- beforeMethod -->
        <test-method signature="addProductsToCart()[pri:0, instance:Tests.TC02_ProductsPage@1698fc68]" started-at="2025-07-14T14:56:25 EEST" name="addProductsToCart" finished-at="2025-07-14T14:56:27 EEST" duration-ms="2347" status="PASS">
          <reporter-output>
          </reporter-output>
        </test-method> <!-- addProductsToCart -->
        <test-method is-config="true" signature="afterMethod()[pri:0, instance:Tests.TC02_ProductsPage@1698fc68]" started-at="2025-07-14T14:56:27 EEST" name="afterMethod" finished-at="2025-07-14T14:56:28 EEST" duration-ms="224" status="PASS">
          <reporter-output>
          </reporter-output>
        </test-method> <!-- afterMethod -->
      </class> <!-- Tests.TC02_ProductsPage -->
      <class name="Tests.TC01_LoginTest">
        <test-method is-config="true" signature="beforeClass()[pri:0, instance:Tests.TC01_LoginTest@73163d48]" started-at="2025-07-14T14:56:18 EEST" name="beforeClass" finished-at="2025-07-14T14:56:18 EEST" duration-ms="29" status="PASS">
          <reporter-output>
          </reporter-output>
        </test-method> <!-- beforeClass -->
        <test-method is-config="true" signature="beforeMethod(java.lang.String,java.lang.String)[pri:0, instance:Tests.TC01_LoginTest@73163d48]" started-at="2025-07-14T14:56:18 EEST" name="beforeMethod" finished-at="2025-07-14T14:56:20 EEST" duration-ms="2058" status="PASS">
          <params>
            <param index="0">
              <value>
                <![CDATA[Chrome]]>
              </value>
            </param>
            <param index="1">
              <value>
                <![CDATA[Windows]]>
              </value>
            </param>
          </params>
          <reporter-output>
          </reporter-output>
        </test-method> <!-- beforeMethod -->
        <test-method signature="loginWithValidAdminCredentialsTC()[pri:0, instance:Tests.TC01_LoginTest@73163d48]" started-at="2025-07-14T14:56:20 EEST" name="loginWithValidAdminCredentialsTC" finished-at="2025-07-14T14:56:23 EEST" duration-ms="2321" status="PASS">
          <reporter-output>
          </reporter-output>
        </test-method> <!-- loginWithValidAdminCredentialsTC -->
        <test-method is-config="true" signature="afterMethod()[pri:0, instance:Tests.TC01_LoginTest@73163d48]" started-at="2025-07-14T14:56:23 EEST" name="afterMethod" finished-at="2025-07-14T14:56:23 EEST" duration-ms="277" status="PASS">
          <reporter-output>
          </reporter-output>
        </test-method> <!-- afterMethod -->
      </class> <!-- Tests.TC01_LoginTest -->
    </test> <!-- Project Runner on Windows Chrome -->
  </suite> <!-- Project Runner -->
</testng-results>
