<?xml version="1.0" encoding="UTF-8"?>
<!-- Generated by org.testng.reporters.JUnitXMLReporter -->
<testsuite ignored="0" hostname="DESKTOP-S8RQRUM" failures="0" tests="2" name="Project Runner on Windows Firefox" time="29.83" errors="0" timestamp="2025-07-21T19:42:16 EEST">
  <testcase classname="Tests.TC01_LoginTest" name="loginWithValidAdminCredentialsTC" time="10.484"/>
  <testcase classname="Tests.TC02_ProductsPage" name="addProductsToCart" time="4.775"/>
</testsuite> <!-- Project Runner on Windows Firefox -->
